<?xml version="1.0" encoding="UTF-8"?>
<!-- Generated by org.testng.reporters.JUnitReportReporter -->
<testsuite hostname="DESKTOP-NPOVF55" failures="0" tests="2" name="pac1.ContactTest" time="0.014" errors="0" timestamp="2024-11-13T10:15:40 IST" skipped="0">
  <testcase classname="pac1.ContactTest" name="modifyContactTest" time="0.001"/>
  <system-out/>
  <testcase classname="pac1.ContactTest" name="createContactTest" time="0.013"/>
  <system-out/>
</testsuite> <!-- pac1.ContactTest -->
